<?xml version="1.0" encoding="UTF-8" ?>
<testsuite tests="12" failures="0" name="cucumberOptions.TestRunner" time="0.004" errors="0" skipped="0">
  <properties>
    <property name="java.runtime.name" value="Java(TM) SE Runtime Environment"/>
    <property name="sun.boot.library.path" value="C:\Program Files\Java\jre1.8.0_231\bin"/>
    <property name="java.vm.version" value="25.231-b11"/>
    <property name="java.vm.vendor" value="Oracle Corporation"/>
    <property name="maven.multiModuleProjectDirectory" value="D:\Akshay automation work\Automation code repository 2\APIFramework"/>
    <property name="java.vendor.url" value="http://java.oracle.com/"/>
    <property name="path.separator" value=";"/>
    <property name="guice.disable.misplaced.annotation.check" value="true"/>
    <property name="java.vm.name" value="Java HotSpot(TM) 64-Bit Server VM"/>
    <property name="file.encoding.pkg" value="sun.io"/>
    <property name="user.script" value=""/>
    <property name="user.country" value="IN"/>
    <property name="sun.java.launcher" value="SUN_STANDARD"/>
    <property name="sun.os.patch.level" value=""/>
    <property name="java.vm.specification.name" value="Java Virtual Machine Specification"/>
    <property name="user.dir" value="D:\Akshay automation work\Automation code repository 2\APIFramework"/>
    <property name="java.runtime.version" value="1.8.0_231-b11"/>
    <property name="java.awt.graphicsenv" value="sun.awt.Win32GraphicsEnvironment"/>
    <property name="java.endorsed.dirs" value="C:\Program Files\Java\jre1.8.0_231\lib\endorsed"/>
    <property name="os.arch" value="amd64"/>
    <property name="java.io.tmpdir" value="C:\Users\AKSHAY~1\AppData\Local\Temp\"/>
    <property name="line.separator" value="
"/>
    <property name="java.vm.specification.vendor" value="Oracle Corporation"/>
    <property name="user.variant" value=""/>
    <property name="os.name" value="Windows 10"/>
    <property name="classworlds.conf" value="D:\Akshay automation work\Automation code repository 2\.metadata\.plugins\org.eclipse.m2e.launching\launches\m2conf255155280638042609.tmp"/>
    <property name="sun.jnu.encoding" value="Cp1252"/>
    <property name="java.library.path" value="C:\Program Files\Java\jre1.8.0_231\bin;C:\windows\Sun\Java\bin;C:\windows\system32;C:\windows;C:/Program Files/Java/jre1.8.0_231/bin/server;C:/Program Files/Java/jre1.8.0_231/bin;C:/Program Files/Java/jre1.8.0_231/lib/amd64;C:\Program Files (x86)\Common Files\Oracle\Java\javapath;C:\windows\system32;C:\windows;C:\windows\System32\Wbem;C:\windows\System32\WindowsPowerShell\v1.0\;C:\windows\System32\OpenSSH\;C:\Program Files\nodejs\;C:\Program Files\nodejs\node_modules\npm\bin;C:\Users\Akshay Mane\AppData\Local\Android\Sdk\tools\bin;C:\Users\Akshay Mane\AppData\Local\Android\Sdk\tools;C:\Users\Akshay Mane\AppData\Local\Android\Sdk\platform-tools;C:\Users\Akshay Mane\AppData;D:\Akshay automation work\apache-maven-3.6.3-bin\apache-maven-3.6.3\bin;C:\Program Files\MySQL\MySQL Shell 8.0\bin\;C:\Users\Akshay Mane\AppData\Local\Microsoft\WindowsApps;C:\Users\Akshay Mane\AppData\Roaming\npm;C:\Users\Akshay Mane\AppData\Local\Programs\Microsoft VS Code\bin;C:\Users\Akshay Mane\AppData\Local\Programs\Fiddler;C:\Users\Akshay Mane\Desktop;;."/>
    <property name="java.specification.name" value="Java Platform API Specification"/>
    <property name="java.class.version" value="52.0"/>
    <property name="sun.management.compiler" value="HotSpot 64-Bit Tiered Compilers"/>
    <property name="os.version" value="10.0"/>
    <property name="user.home" value="C:\Users\Akshay Mane"/>
    <property name="user.timezone" value="Asia/Calcutta"/>
    <property name="java.awt.printerjob" value="sun.awt.windows.WPrinterJob"/>
    <property name="java.specification.version" value="1.8"/>
    <property name="file.encoding" value="Cp1252"/>
    <property name="user.name" value="Akshay Mane"/>
    <property name="java.class.path" value="C:\Users\Akshay Mane\.p2\pool\plugins\org.eclipse.m2e.maven.runtime_1.14.0.20191209-1923\jars\plexus-classworlds-2.6.0.jar"/>
    <property name="java.vm.specification.version" value="1.8"/>
    <property name="sun.arch.data.model" value="64"/>
    <property name="java.home" value="C:\Program Files\Java\jre1.8.0_231"/>
    <property name="sun.java.command" value="org.codehaus.plexus.classworlds.launcher.Launcher -B test"/>
    <property name="java.specification.vendor" value="Oracle Corporation"/>
    <property name="user.language" value="en"/>
    <property name="awt.toolkit" value="sun.awt.windows.WToolkit"/>
    <property name="java.vm.info" value="mixed mode"/>
    <property name="java.version" value="1.8.0_231"/>
    <property name="java.ext.dirs" value="C:\Program Files\Java\jre1.8.0_231\lib\ext;C:\windows\Sun\Java\lib\ext"/>
    <property name="sun.boot.class.path" value="C:\Program Files\Java\jre1.8.0_231\lib\resources.jar;C:\Program Files\Java\jre1.8.0_231\lib\rt.jar;C:\Program Files\Java\jre1.8.0_231\lib\sunrsasign.jar;C:\Program Files\Java\jre1.8.0_231\lib\jsse.jar;C:\Program Files\Java\jre1.8.0_231\lib\jce.jar;C:\Program Files\Java\jre1.8.0_231\lib\charsets.jar;C:\Program Files\Java\jre1.8.0_231\lib\jfr.jar;C:\Program Files\Java\jre1.8.0_231\classes"/>
    <property name="java.vendor" value="Oracle Corporation"/>
    <property name="maven.home" value="D:\Akshay automation work\Automation code repository 2\APIFramework\EMBEDDED"/>
    <property name="file.separator" value="\"/>
    <property name="java.vendor.url.bug" value="http://bugreport.sun.com/bugreport/"/>
    <property name="sun.cpu.endian" value="little"/>
    <property name="sun.io.unicode.encoding" value="UnicodeLittle"/>
    <property name="sun.desktop" value="windows"/>
    <property name="sun.cpu.isalist" value="amd64"/>
  </properties>
  <testcase classname="| AAhouse | English | World cross center |" name="Given Add Place Payload with &quot;AAhouse&quot; &quot;English&quot; &quot;World cross center&quot;" time="0.003"/>
  <testcase classname="| AAhouse | English | World cross center |" name="When User calls &quot;addPlaceAPI&quot; with &quot;POST&quot; http Request" time="0"/>
  <testcase classname="| AAhouse | English | World cross center |" name="Then The API calls is success with status code 200" time="0"/>
  <testcase classname="| AAhouse | English | World cross center |" name="And &quot;status&quot; in response body is &quot;OK&quot;" time="0"/>
  <testcase classname="| AAhouse | English | World cross center |" name="And &quot;scope&quot; in response body is &quot;APP&quot;" time="0"/>
  <testcase classname="| AAhouse | English | World cross center |" name="And verify place_id maps to &quot;AAhouse&quot; using &quot;getPlaceAPI&quot;" time="0"/>
  <testcase classname="| AAhouse | English | World cross center |" name="| AAhouse | English | World cross center |" time="0.001"/>
  <testcase classname="Scenario: Verify if delete functinoality is working" name="Given DeletePlace Payload" time="0"/>
  <testcase classname="Scenario: Verify if delete functinoality is working" name="When User calls &quot;deletePlaceAPI&quot; with &quot;POST&quot; http Request" time="0"/>
  <testcase classname="Scenario: Verify if delete functinoality is working" name="Then The API calls is success with status code 200" time="0"/>
  <testcase classname="Scenario: Verify if delete functinoality is working" name="And &quot;status&quot; in response body is &quot;OK&quot;" time="0"/>
  <testcase classname="Scenario: Verify if delete functinoality is working" name="Scenario: Verify if delete functinoality is working" time="0"/>
</testsuite>